<?xml version="1.0" encoding="UTF-8"?>
<testng-results ignored="0" total="3" passed="3" failed="0" skipped="0">
  <reporter-output>
  </reporter-output>
  <suite started-at="2022-04-27T23:05:46 EET" name="Default suite" finished-at="2022-04-27T23:05:54 EET" duration-ms="7995">
    <groups>
    </groups>
    <test started-at="2022-04-27T23:05:46 EET" name="Default test" finished-at="2022-04-27T23:05:54 EET" duration-ms="7995">
      <class name="rest_assured.RestAssuredTeatCase">
        <test-method signature="validate_invalid_response()[pri:0, instance:rest_assured.RestAssuredTeatCase@318ba8c8]" started-at="2022-04-27T23:05:46 EET" name="validate_invalid_response" finished-at="2022-04-27T23:05:50 EET" duration-ms="3659" status="PASS">
          <reporter-output>
          </reporter-output>
        </test-method> <!-- validate_invalid_response -->
        <test-method signature="validate_response_code()[pri:0, instance:rest_assured.RestAssuredTeatCase@318ba8c8]" started-at="2022-04-27T23:05:50 EET" name="validate_response_code" finished-at="2022-04-27T23:05:52 EET" duration-ms="2480" status="PASS">
          <reporter-output>
          </reporter-output>
        </test-method> <!-- validate_response_code -->
        <test-method signature="validate_response_data()[pri:0, instance:rest_assured.RestAssuredTeatCase@318ba8c8]" started-at="2022-04-27T23:05:52 EET" name="validate_response_data" finished-at="2022-04-27T23:05:54 EET" duration-ms="1810" status="PASS">
          <reporter-output>
          </reporter-output>
        </test-method> <!-- validate_response_data -->
      </class> <!-- rest_assured.RestAssuredTeatCase -->
    </test> <!-- Default test -->
  </suite> <!-- Default suite -->
</testng-results>
