<?xml version="1.0" encoding="UTF-8"?>
<!-- Generated by org.testng.reporters.JUnitXMLReporter -->
<testsuite ignored="0" hostname="DESKTOP-AK2FD4J" failures="0" tests="3" name="Default test" time="4.375" errors="0" timestamp="2022-04-27T23:32:30 EET">
  <testcase classname="RestAssuredJson.JsonRestAssured" name="validate_invalid_response_data" time="1.844"/>
  <testcase classname="RestAssuredJson.JsonRestAssured" name="validate_response_code" time="1.462"/>
  <testcase classname="RestAssuredJson.JsonRestAssured" name="validate_response_data" time="1.028"/>
</testsuite> <!-- Default test -->
