<?xml version="1.0" encoding="UTF-8"?>
<!-- Generated by org.testng.reporters.JUnitXMLReporter -->
<testsuite ignored="0" hostname="DESKTOP-AK2FD4J" failures="0" tests="3" name="Default test" time="7.995" errors="0" timestamp="2022-04-27T23:05:54 EET">
  <testcase classname="rest_assured.RestAssuredTeatCase" name="validate_invalid_response" time="3.659"/>
  <testcase classname="rest_assured.RestAssuredTeatCase" name="validate_response_code" time="2.48"/>
  <testcase classname="rest_assured.RestAssuredTeatCase" name="validate_response_data" time="1.81"/>
</testsuite> <!-- Default test -->
